{"level":"info","message":"API Server running on port 5000","timestamp":"2026-01-07T07:09:06.355Z"}
{"level":"info","message":"API Server running on port 5000","timestamp":"2026-01-07T07:23:54.386Z"}
{"level":"info","message":"API Server running on port 5000","timestamp":"2026-01-07T07:30:19.024Z"}
{"body":{"email":"sachin@gmail.com","password":"12345678"},"level":"info","message":"Request: POST /api/v1/auth/login","timestamp":"2026-01-07T07:33:53.057Z"}
{"level":"info","message":"API Server running on port 5000","timestamp":"2026-01-07T07:35:59.296Z"}
{"body":{"email":"sachin@gmail.com","password":"12345678"},"level":"info","message":"Request: POST /api/v1/auth/login","timestamp":"2026-01-07T07:36:09.609Z"}
{"body":{"email":"sachin@gmail.com","password":"12345678"},"level":"info","message":"Request: POST /api/v1/auth/login","timestamp":"2026-01-07T07:38:18.228Z"}
{"level":"info","message":"API Server running on port 5000","timestamp":"2026-01-07T07:38:42.481Z"}
{"body":{"email":"sachin@gmail.com","password":"12345678"},"level":"info","message":"Request: POST /api/v1/auth/login","timestamp":"2026-01-07T07:38:45.083Z"}
{"level":"info","message":"API Server running on port 5000","timestamp":"2026-01-07T07:50:02.264Z"}
{"body":{"email":"sachin@gmail.com","password":"12345678"},"level":"info","message":"Request: POST /api/v1/auth/login","timestamp":"2026-01-07T07:50:35.479Z"}
{"level":"info","message":"API Server running on port 5000","timestamp":"2026-01-12T11:47:49.350Z"}
{"level":"info","message":"API Server running on port 5000","timestamp":"2026-01-12T11:56:49.351Z"}
{"level":"info","message":"API Server running on port 5000","timestamp":"2026-01-12T11:59:14.173Z"}
{"level":"info","message":"API Server running on port 5000","timestamp":"2026-01-12T12:02:43.438Z"}
{"body":{"email":"sachin@gmail.com","password":"12345678"},"level":"info","message":"Request: POST /api/v1/auth/login","timestamp":"2026-01-12T12:02:46.126Z"}
{"level":"info","message":"API Server running on port 5000","timestamp":"2026-01-12T12:29:31.904Z"}
{"body":{"email":"sachin@gmail.com","password":"12345678"},"level":"info","message":"Request: POST /api/v1/auth/login","timestamp":"2026-01-12T12:30:59.528Z"}
{"level":"info","message":"API Server running on port 5000","timestamp":"2026-01-12T12:32:01.909Z"}
{"body":{"email":"sachin@gmail.com","password":"12345678"},"level":"info","message":"Request: POST /api/v1/auth/login","timestamp":"2026-01-12T12:32:07.803Z"}
{"body":{"email":"sachin@gmail.com","password":"12345678"},"level":"info","message":"Request: POST /api/v1/auth/login","timestamp":"2026-01-12T12:32:49.048Z"}
{"level":"info","message":"Request: GET /api/v1/auth/login","timestamp":"2026-01-12T12:35:50.664Z"}
{"body":{"email":"test@example.com","password":"123456"},"level":"info","message":"Request: POST /api/v1/auth/login","timestamp":"2026-01-12T12:37:11.327Z"}
{"body":{"email":"sachin@gmail.com","password":"12345678"},"level":"info","message":"Request: POST /api/v1/auth/login","timestamp":"2026-01-12T12:37:51.186Z"}
{"body":{"email":"sachin@gmail.com","password":"12345678"},"level":"info","message":"Request: POST /api/v1/auth/login","timestamp":"2026-01-12T12:38:01.983Z"}
{"body":{"email":"sachin@gmail.com","password":"12345678"},"level":"info","message":"Request: POST /api/v1/auth/login","timestamp":"2026-01-12T12:38:30.490Z"}
{"level":"info","message":"API Server running on port 5000","timestamp":"2026-01-12T12:40:03.652Z"}
{"body":{"email":"sachin@gmail.com","password":"12345678"},"level":"info","message":"Request: POST /api/v1/auth/login","timestamp":"2026-01-12T12:40:06.354Z"}
{"level":"info","message":"API Server running on port 5000","timestamp":"2026-01-12T12:40:25.322Z"}
{"body":{"email":"sachin@gmail.com","password":"12345678"},"level":"info","message":"Request: POST /api/v1/auth/login","timestamp":"2026-01-12T12:40:31.262Z"}
{"level":"info","message":"API Server running on port 5000","timestamp":"2026-01-12T12:45:37.172Z"}
{"body":{"email":"sachin@gmail.com","password":"12345678","role":"employee"},"level":"info","message":"Request: POST /api/v1/auth/login","timestamp":"2026-01-12T12:45:39.270Z"}
{"body":{"email":"sachin@gmail.com","password":"12345678"},"level":"info","message":"Request: POST /api/v1/auth/login","timestamp":"2026-01-12T12:46:20.690Z"}
{"body":{"email":"sachin@gmail.com","password":"12345678"},"level":"info","message":"Request: POST /api/v1/auth/login","timestamp":"2026-01-12T12:46:25.850Z"}
{"level":"info","message":"API Server running on port 5000","timestamp":"2026-01-13T04:57:41.026Z"}
{"body":{"email":"sachin@gmail.com","password":"12345678"},"level":"info","message":"Request: POST /api/v1/auth/login","timestamp":"2026-01-13T04:59:03.787Z"}
{"level":"info","message":"API Server running on port 5000","timestamp":"2026-01-14T06:26:33.996Z"}
{"body":{"email":"sachin@gmail.com","password":"12345678"},"level":"info","message":"Request: POST /api/v1/auth/login","timestamp":"2026-01-14T06:26:50.621Z"}
{"body":{"email":"sachin@gmail.com","password":"12345678"},"level":"info","message":"Request: POST /api/v1/auth/login","timestamp":"2026-01-14T06:31:44.834Z"}
{"body":{"email":"sachin@gmail.com","password":"12345678"},"level":"info","message":"Request: POST /api/v1/auth/login","timestamp":"2026-01-14T06:32:37.323Z"}
{"body":{"email":"sachin@gmail.com","password":"12345678"},"level":"info","message":"Request: POST /api/v1/auth/login","timestamp":"2026-01-14T06:33:09.098Z"}
{"level":"info","message":"API Server running on port 5000","timestamp":"2026-01-14T06:34:44.131Z"}
{"body":{"email":"sachin@gmail.com","password":"12345678"},"level":"info","message":"Request: POST /api/v1/auth/login","timestamp":"2026-01-14T06:34:48.887Z"}
{"body":{"email":"sachin@gmail.com","password":"12345678"},"level":"info","message":"Request: POST /api/v1/auth/login","timestamp":"2026-01-14T06:41:21.600Z"}
{"body":{"email":"sachin@gmail.com","password":"12345678"},"level":"info","message":"Request: POST /api/v1/auth/login","timestamp":"2026-01-14T06:42:30.122Z"}
{"body":{"email":"sachin@gmail.com","password":"12345678"},"level":"info","message":"Request: POST /api/v1/auth/login","timestamp":"2026-01-14T06:42:31.452Z"}
{"level":"info","message":"API Server running on port 5000","timestamp":"2026-01-14T06:42:54.213Z"}
{"body":{"email":"sachin@gmail.com","password":"12345678"},"level":"info","message":"Request: POST /api/v1/auth/login","timestamp":"2026-01-14T06:42:59.082Z"}
{"level":"info","message":"API Server running on port 5000","timestamp":"2026-01-14T10:25:27.853Z"}
{"level":"info","message":"API Server running on port 5000","timestamp":"2026-01-23T12:48:31.432Z"}
{"level":"info","message":"API Server running on port 5000","timestamp":"2026-01-24T06:25:54.071Z"}
{"level":"info","message":"API Server running on port 5000","timestamp":"2026-02-12T06:29:40.886Z"}
{"level":"info","message":"API Server running on port 5000","timestamp":"2026-02-12T06:29:53.663Z"}
{"level":"info","message":"API Server running on port 5000","timestamp":"2026-02-13T09:48:13.076Z"}
{"level":"info","message":"API Server running on port 5000","timestamp":"2026-02-13T12:25:50.206Z"}
{"level":"info","message":"API Server running on port 5000","timestamp":"2026-02-13T12:37:13.131Z"}
{"level":"info","message":"API Server running on port 5000","timestamp":"2026-02-13T12:37:39.189Z"}
{"level":"info","message":"API Server running on port 5000","timestamp":"2026-02-13T12:37:50.985Z"}
{"level":"info","message":"API Server running on port 5000","timestamp":"2026-02-14T04:46:42.549Z"}
{"level":"info","message":"API Server running on port 5000","timestamp":"2026-02-14T04:46:55.321Z"}
